<?xml version="1.0" encoding="UTF-8"?>
<!-- Generated by org.testng.reporters.JUnitReportReporter -->
<testsuite hostname="DESKTOP-7VO2J7L" failures="0" tests="1" name="testCase.Tc001AccountRegistrationTest" time="4.839" errors="0" timestamp="2024-12-03T14:27:36 IST" skipped="0">
  <testcase classname="testCase.Tc001AccountRegistrationTest" name="verify_account_registertion" time="4.839"/>
  <system-out/>
</testsuite> <!-- testCase.Tc001AccountRegistrationTest -->
