<?xml version="1.0" encoding="UTF-8"?>
<!-- Generated by org.testng.reporters.JUnitReportReporter -->
<testsuite hostname="DESKTOP-7VO2J7L" failures="0" tests="1" name="testCase.Tc002_LoginTest" time="2.382" errors="0" timestamp="2024-12-03T14:27:36 IST" skipped="0">
  <testcase classname="testCase.Tc002_LoginTest" name="verify_login" time="2.382"/>
  <system-out/>
</testsuite> <!-- testCase.Tc002_LoginTest -->
